mode: set
github.com/ParetoSecurity/pareto-core/main.go:12.13,16.42 1 0
github.com/ParetoSecurity/pareto-core/main.go:16.42,18.3 1 0
github.com/ParetoSecurity/pareto-core/main.go:21.13,22.44 1 0
github.com/ParetoSecurity/pareto-core/main.go:22.44,24.3 1 0
github.com/ParetoSecurity/pareto-core/main.go:25.2,25.15 1 0
github.com/ParetoSecurity/pareto-core/check/check.go:23.30,28.78 2 1
github.com/ParetoSecurity/pareto-core/check/check.go:28.78,30.3 1 0
github.com/ParetoSecurity/pareto-core/check/check.go:33.2,33.33 1 1
github.com/ParetoSecurity/pareto-core/check/check.go:33.33,35.3 1 0
github.com/ParetoSecurity/pareto-core/check/check.go:38.2,43.10 2 1
github.com/ParetoSecurity/pareto-core/check/check.go:46.28,53.2 2 0
github.com/ParetoSecurity/pareto-core/checks/shared/pareto_updated.go:29.39,31.2 1 0
github.com/ParetoSecurity/pareto-core/checks/shared/pareto_updated.go:34.37,39.30 5 1
github.com/ParetoSecurity/pareto-core/checks/shared/pareto_updated.go:39.30,41.3 1 1
github.com/ParetoSecurity/pareto-core/checks/shared/pareto_updated.go:42.2,42.31 1 1
github.com/ParetoSecurity/pareto-core/checks/shared/pareto_updated.go:42.31,44.3 1 0
github.com/ParetoSecurity/pareto-core/checks/shared/pareto_updated.go:46.2,52.39 1 1
github.com/ParetoSecurity/pareto-core/checks/shared/pareto_updated.go:52.39,53.25 1 1
github.com/ParetoSecurity/pareto-core/checks/shared/pareto_updated.go:53.25,55.5 1 0
github.com/ParetoSecurity/pareto-core/checks/shared/pareto_updated.go:56.4,56.32 1 1
github.com/ParetoSecurity/pareto-core/checks/shared/pareto_updated.go:61.2,61.16 1 1
github.com/ParetoSecurity/pareto-core/checks/shared/pareto_updated.go:61.16,65.3 2 0
github.com/ParetoSecurity/pareto-core/checks/shared/pareto_updated.go:67.2,67.19 1 1
github.com/ParetoSecurity/pareto-core/checks/shared/pareto_updated.go:67.19,69.3 1 0
github.com/ParetoSecurity/pareto-core/checks/shared/pareto_updated.go:71.2,71.38 1 1
github.com/ParetoSecurity/pareto-core/checks/shared/pareto_updated.go:71.38,73.3 1 0
github.com/ParetoSecurity/pareto-core/checks/shared/pareto_updated.go:75.2,75.12 1 1
github.com/ParetoSecurity/pareto-core/checks/shared/pareto_updated.go:79.39,81.2 1 0
github.com/ParetoSecurity/pareto-core/checks/shared/pareto_updated.go:84.43,86.2 1 0
github.com/ParetoSecurity/pareto-core/checks/shared/pareto_updated.go:89.39,91.2 1 0
github.com/ParetoSecurity/pareto-core/checks/shared/pareto_updated.go:94.48,96.2 1 0
github.com/ParetoSecurity/pareto-core/checks/shared/pareto_updated.go:99.48,101.2 1 0
github.com/ParetoSecurity/pareto-core/checks/shared/pareto_updated.go:104.45,106.2 1 0
github.com/ParetoSecurity/pareto-core/checks/shared/pareto_updated.go:109.41,110.14 1 0
github.com/ParetoSecurity/pareto-core/checks/shared/pareto_updated.go:110.14,112.3 1 0
github.com/ParetoSecurity/pareto-core/checks/shared/pareto_updated.go:113.2,113.26 1 0
github.com/ParetoSecurity/pareto-core/checks/shared/remote_login.go:18.37,20.2 1 1
github.com/ParetoSecurity/pareto-core/checks/shared/remote_login.go:23.62,25.23 1 1
github.com/ParetoSecurity/pareto-core/checks/shared/remote_login.go:25.23,27.3 1 1
github.com/ParetoSecurity/pareto-core/checks/shared/remote_login.go:29.2,30.16 2 0
github.com/ParetoSecurity/pareto-core/checks/shared/remote_login.go:30.16,32.3 1 0
github.com/ParetoSecurity/pareto-core/checks/shared/remote_login.go:34.2,34.29 1 0
github.com/ParetoSecurity/pareto-core/checks/shared/remote_login.go:34.29,36.17 2 0
github.com/ParetoSecurity/pareto-core/checks/shared/remote_login.go:36.17,37.12 1 0
github.com/ParetoSecurity/pareto-core/checks/shared/remote_login.go:41.3,41.22 1 0
github.com/ParetoSecurity/pareto-core/checks/shared/remote_login.go:41.22,42.12 1 0
github.com/ParetoSecurity/pareto-core/checks/shared/remote_login.go:45.3,47.17 3 0
github.com/ParetoSecurity/pareto-core/checks/shared/remote_login.go:47.17,51.4 3 0
github.com/ParetoSecurity/pareto-core/checks/shared/remote_login.go:54.2,54.14 1 0
github.com/ParetoSecurity/pareto-core/checks/shared/remote_login.go:58.35,70.42 4 1
github.com/ParetoSecurity/pareto-core/checks/shared/remote_login.go:70.42,71.31 1 1
github.com/ParetoSecurity/pareto-core/checks/shared/remote_login.go:71.31,75.4 3 1
github.com/ParetoSecurity/pareto-core/checks/shared/remote_login.go:78.2,78.12 1 1
github.com/ParetoSecurity/pareto-core/checks/shared/remote_login.go:82.37,84.2 1 1
github.com/ParetoSecurity/pareto-core/checks/shared/remote_login.go:87.41,89.2 1 0
github.com/ParetoSecurity/pareto-core/checks/shared/remote_login.go:92.37,94.2 1 1
github.com/ParetoSecurity/pareto-core/checks/shared/remote_login.go:97.46,99.2 1 1
github.com/ParetoSecurity/pareto-core/checks/shared/remote_login.go:102.46,104.2 1 1
github.com/ParetoSecurity/pareto-core/checks/shared/remote_login.go:107.43,109.2 1 1
github.com/ParetoSecurity/pareto-core/checks/shared/remote_login.go:112.39,113.17 1 1
github.com/ParetoSecurity/pareto-core/checks/shared/remote_login.go:113.17,115.38 2 1
github.com/ParetoSecurity/pareto-core/checks/shared/remote_login.go:115.38,117.4 1 0
github.com/ParetoSecurity/pareto-core/checks/shared/remote_login.go:118.3,118.13 1 1
github.com/ParetoSecurity/pareto-core/checks/shared/remote_login.go:120.2,120.26 1 0
github.com/ParetoSecurity/pareto-core/checks/shared/ssh_keys.go:18.33,20.2 1 0
github.com/ParetoSecurity/pareto-core/checks/shared/ssh_keys.go:23.59,25.16 2 1
github.com/ParetoSecurity/pareto-core/checks/shared/ssh_keys.go:25.16,27.3 1 1
github.com/ParetoSecurity/pareto-core/checks/shared/ssh_keys.go:29.2,30.19 2 1
github.com/ParetoSecurity/pareto-core/checks/shared/ssh_keys.go:34.31,36.16 2 0
github.com/ParetoSecurity/pareto-core/checks/shared/ssh_keys.go:36.16,38.3 1 0
github.com/ParetoSecurity/pareto-core/checks/shared/ssh_keys.go:39.2,42.16 3 0
github.com/ParetoSecurity/pareto-core/checks/shared/ssh_keys.go:42.16,45.3 2 0
github.com/ParetoSecurity/pareto-core/checks/shared/ssh_keys.go:47.2,48.29 2 0
github.com/ParetoSecurity/pareto-core/checks/shared/ssh_keys.go:48.29,49.45 1 0
github.com/ParetoSecurity/pareto-core/checks/shared/ssh_keys.go:49.45,51.53 2 0
github.com/ParetoSecurity/pareto-core/checks/shared/ssh_keys.go:51.53,52.39 1 0
github.com/ParetoSecurity/pareto-core/checks/shared/ssh_keys.go:52.39,55.6 2 0
github.com/ParetoSecurity/pareto-core/checks/shared/ssh_keys.go:60.2,60.12 1 0
github.com/ParetoSecurity/pareto-core/checks/shared/ssh_keys.go:64.33,66.2 1 0
github.com/ParetoSecurity/pareto-core/checks/shared/ssh_keys.go:69.37,71.16 2 0
github.com/ParetoSecurity/pareto-core/checks/shared/ssh_keys.go:71.16,73.3 1 0
github.com/ParetoSecurity/pareto-core/checks/shared/ssh_keys.go:75.2,76.52 2 0
github.com/ParetoSecurity/pareto-core/checks/shared/ssh_keys.go:76.52,78.3 1 0
github.com/ParetoSecurity/pareto-core/checks/shared/ssh_keys.go:81.2,82.16 2 0
github.com/ParetoSecurity/pareto-core/checks/shared/ssh_keys.go:82.16,84.3 1 0
github.com/ParetoSecurity/pareto-core/checks/shared/ssh_keys.go:86.2,86.29 1 0
github.com/ParetoSecurity/pareto-core/checks/shared/ssh_keys.go:86.29,87.45 1 0
github.com/ParetoSecurity/pareto-core/checks/shared/ssh_keys.go:87.45,89.53 2 0
github.com/ParetoSecurity/pareto-core/checks/shared/ssh_keys.go:89.53,91.5 1 0
github.com/ParetoSecurity/pareto-core/checks/shared/ssh_keys.go:94.2,94.14 1 0
github.com/ParetoSecurity/pareto-core/checks/shared/ssh_keys.go:99.33,101.2 1 0
github.com/ParetoSecurity/pareto-core/checks/shared/ssh_keys.go:104.42,106.2 1 0
github.com/ParetoSecurity/pareto-core/checks/shared/ssh_keys.go:109.42,111.2 1 0
github.com/ParetoSecurity/pareto-core/checks/shared/ssh_keys.go:114.39,116.2 1 0
github.com/ParetoSecurity/pareto-core/checks/shared/ssh_keys.go:119.35,120.16 1 0
github.com/ParetoSecurity/pareto-core/checks/shared/ssh_keys.go:120.16,122.3 1 0
github.com/ParetoSecurity/pareto-core/checks/shared/ssh_keys.go:123.2,123.76 1 0
github.com/ParetoSecurity/pareto-core/checks/shared/ssh_keys_algo.go:46.37,48.2 1 0
github.com/ParetoSecurity/pareto-core/checks/shared/ssh_keys_algo.go:50.42,52.20 2 1
github.com/ParetoSecurity/pareto-core/checks/shared/ssh_keys_algo.go:52.20,54.3 1 1
github.com/ParetoSecurity/pareto-core/checks/shared/ssh_keys_algo.go:56.2,61.3 2 1
github.com/ParetoSecurity/pareto-core/checks/shared/ssh_keys_algo.go:64.53,66.16 2 1
github.com/ParetoSecurity/pareto-core/checks/shared/ssh_keys_algo.go:66.16,68.3 1 0
github.com/ParetoSecurity/pareto-core/checks/shared/ssh_keys_algo.go:70.2,71.22 2 1
github.com/ParetoSecurity/pareto-core/checks/shared/ssh_keys_algo.go:72.11,73.31 1 1
github.com/ParetoSecurity/pareto-core/checks/shared/ssh_keys_algo.go:74.11,75.31 1 1
github.com/ParetoSecurity/pareto-core/checks/shared/ssh_keys_algo.go:76.22,77.30 1 1
github.com/ParetoSecurity/pareto-core/checks/shared/ssh_keys_algo.go:78.26,79.30 1 1
github.com/ParetoSecurity/pareto-core/checks/shared/ssh_keys_algo.go:80.10,81.15 1 1
github.com/ParetoSecurity/pareto-core/checks/shared/ssh_keys_algo.go:86.35,88.16 2 0
github.com/ParetoSecurity/pareto-core/checks/shared/ssh_keys_algo.go:88.16,90.3 1 0
github.com/ParetoSecurity/pareto-core/checks/shared/ssh_keys_algo.go:92.2,94.16 3 0
github.com/ParetoSecurity/pareto-core/checks/shared/ssh_keys_algo.go:94.16,96.3 1 0
github.com/ParetoSecurity/pareto-core/checks/shared/ssh_keys_algo.go:98.2,99.32 2 0
github.com/ParetoSecurity/pareto-core/checks/shared/ssh_keys_algo.go:99.32,100.47 1 0
github.com/ParetoSecurity/pareto-core/checks/shared/ssh_keys_algo.go:100.47,101.12 1 0
github.com/ParetoSecurity/pareto-core/checks/shared/ssh_keys_algo.go:104.3,107.54 3 0
github.com/ParetoSecurity/pareto-core/checks/shared/ssh_keys_algo.go:107.54,108.12 1 0
github.com/ParetoSecurity/pareto-core/checks/shared/ssh_keys_algo.go:111.3,111.30 1 0
github.com/ParetoSecurity/pareto-core/checks/shared/ssh_keys_algo.go:111.30,114.9 3 0
github.com/ParetoSecurity/pareto-core/checks/shared/ssh_keys_algo.go:118.2,118.12 1 0
github.com/ParetoSecurity/pareto-core/checks/shared/ssh_keys_algo.go:122.37,124.2 1 0
github.com/ParetoSecurity/pareto-core/checks/shared/ssh_keys_algo.go:127.41,129.16 2 0
github.com/ParetoSecurity/pareto-core/checks/shared/ssh_keys_algo.go:129.16,131.3 1 0
github.com/ParetoSecurity/pareto-core/checks/shared/ssh_keys_algo.go:133.2,134.52 2 0
github.com/ParetoSecurity/pareto-core/checks/shared/ssh_keys_algo.go:134.52,136.3 1 0
github.com/ParetoSecurity/pareto-core/checks/shared/ssh_keys_algo.go:139.2,140.16 2 0
github.com/ParetoSecurity/pareto-core/checks/shared/ssh_keys_algo.go:140.16,142.3 1 0
github.com/ParetoSecurity/pareto-core/checks/shared/ssh_keys_algo.go:144.2,144.29 1 0
github.com/ParetoSecurity/pareto-core/checks/shared/ssh_keys_algo.go:144.29,145.45 1 0
github.com/ParetoSecurity/pareto-core/checks/shared/ssh_keys_algo.go:145.45,147.53 2 0
github.com/ParetoSecurity/pareto-core/checks/shared/ssh_keys_algo.go:147.53,149.5 1 0
github.com/ParetoSecurity/pareto-core/checks/shared/ssh_keys_algo.go:152.2,152.14 1 0
github.com/ParetoSecurity/pareto-core/checks/shared/ssh_keys_algo.go:156.37,158.2 1 0
github.com/ParetoSecurity/pareto-core/checks/shared/ssh_keys_algo.go:161.46,163.2 1 0
github.com/ParetoSecurity/pareto-core/checks/shared/ssh_keys_algo.go:166.46,168.2 1 0
github.com/ParetoSecurity/pareto-core/checks/shared/ssh_keys_algo.go:171.43,173.2 1 0
github.com/ParetoSecurity/pareto-core/checks/shared/ssh_keys_algo.go:176.39,177.16 1 0
github.com/ParetoSecurity/pareto-core/checks/shared/ssh_keys_algo.go:177.16,179.3 1 0
github.com/ParetoSecurity/pareto-core/checks/shared/ssh_keys_algo.go:181.2,181.60 1 0
github.com/ParetoSecurity/pareto-core/checks/windows/mock.go:13.42,14.23 1 1
github.com/ParetoSecurity/pareto-core/checks/windows/mock.go:14.23,15.39 1 1
github.com/ParetoSecurity/pareto-core/checks/windows/mock.go:15.39,17.4 1 1
github.com/ParetoSecurity/pareto-core/checks/windows/mock.go:18.3,18.28 1 1
github.com/ParetoSecurity/pareto-core/checks/windows/mock.go:20.2,21.16 2 0
github.com/ParetoSecurity/pareto-core/checks/windows/mock.go:21.16,23.3 1 0
github.com/ParetoSecurity/pareto-core/checks/windows/mock.go:24.2,24.18 1 0
github.com/ParetoSecurity/pareto-core/checks/windows/password_manager.go:13.48,15.2 1 1
github.com/ParetoSecurity/pareto-core/checks/windows/password_manager.go:17.46,29.29 3 1
github.com/ParetoSecurity/pareto-core/checks/windows/password_manager.go:29.29,30.41 1 1
github.com/ParetoSecurity/pareto-core/checks/windows/password_manager.go:30.41,33.4 2 1
github.com/ParetoSecurity/pareto-core/checks/windows/password_manager.go:36.2,37.12 2 1
github.com/ParetoSecurity/pareto-core/checks/windows/password_manager.go:40.39,59.41 4 1
github.com/ParetoSecurity/pareto-core/checks/windows/password_manager.go:59.41,60.45 1 1
github.com/ParetoSecurity/pareto-core/checks/windows/password_manager.go:60.45,62.18 2 0
github.com/ParetoSecurity/pareto-core/checks/windows/password_manager.go:62.18,63.35 1 0
github.com/ParetoSecurity/pareto-core/checks/windows/password_manager.go:63.35,65.44 2 0
github.com/ParetoSecurity/pareto-core/checks/windows/password_manager.go:65.44,66.55 1 0
github.com/ParetoSecurity/pareto-core/checks/windows/password_manager.go:66.55,68.8 1 0
github.com/ParetoSecurity/pareto-core/checks/windows/password_manager.go:74.2,74.14 1 1
github.com/ParetoSecurity/pareto-core/checks/windows/password_manager.go:77.48,79.2 1 1
github.com/ParetoSecurity/pareto-core/checks/windows/password_manager.go:81.52,83.2 1 0
github.com/ParetoSecurity/pareto-core/checks/windows/password_manager.go:85.48,87.2 1 1
github.com/ParetoSecurity/pareto-core/checks/windows/password_manager.go:89.57,91.2 1 1
github.com/ParetoSecurity/pareto-core/checks/windows/password_manager.go:93.57,95.2 1 1
github.com/ParetoSecurity/pareto-core/checks/windows/password_manager.go:97.54,99.2 1 0
github.com/ParetoSecurity/pareto-core/checks/windows/password_manager.go:101.50,102.18 1 1
github.com/ParetoSecurity/pareto-core/checks/windows/password_manager.go:102.18,104.3 1 1
github.com/ParetoSecurity/pareto-core/checks/windows/password_manager.go:105.2,105.28 1 1
github.com/ParetoSecurity/pareto-core/checks/darwin/password_manager.go:15.48,17.2 1 1
github.com/ParetoSecurity/pareto-core/checks/darwin/password_manager.go:19.46,30.73 2 0
github.com/ParetoSecurity/pareto-core/checks/darwin/password_manager.go:30.73,32.3 1 0
github.com/ParetoSecurity/pareto-core/checks/darwin/password_manager.go:32.8,34.3 1 0
github.com/ParetoSecurity/pareto-core/checks/darwin/password_manager.go:35.2,35.12 1 0
github.com/ParetoSecurity/pareto-core/checks/darwin/password_manager.go:38.57,45.35 2 1
github.com/ParetoSecurity/pareto-core/checks/darwin/password_manager.go:45.35,46.52 1 1
github.com/ParetoSecurity/pareto-core/checks/darwin/password_manager.go:46.52,47.35 1 1
github.com/ParetoSecurity/pareto-core/checks/darwin/password_manager.go:47.35,48.61 1 1
github.com/ParetoSecurity/pareto-core/checks/darwin/password_manager.go:48.61,50.6 1 0
github.com/ParetoSecurity/pareto-core/checks/darwin/password_manager.go:54.2,54.14 1 1
github.com/ParetoSecurity/pareto-core/checks/darwin/password_manager.go:57.39,76.41 4 1
github.com/ParetoSecurity/pareto-core/checks/darwin/password_manager.go:76.41,77.45 1 1
github.com/ParetoSecurity/pareto-core/checks/darwin/password_manager.go:77.45,79.18 2 1
github.com/ParetoSecurity/pareto-core/checks/darwin/password_manager.go:79.18,80.35 1 1
github.com/ParetoSecurity/pareto-core/checks/darwin/password_manager.go:80.35,82.44 2 1
github.com/ParetoSecurity/pareto-core/checks/darwin/password_manager.go:82.44,83.55 1 1
github.com/ParetoSecurity/pareto-core/checks/darwin/password_manager.go:83.55,85.8 1 1
github.com/ParetoSecurity/pareto-core/checks/darwin/password_manager.go:91.2,91.14 1 1
github.com/ParetoSecurity/pareto-core/checks/darwin/password_manager.go:94.48,96.2 1 1
github.com/ParetoSecurity/pareto-core/checks/darwin/password_manager.go:98.52,100.2 1 0
github.com/ParetoSecurity/pareto-core/checks/darwin/password_manager.go:102.48,104.2 1 1
github.com/ParetoSecurity/pareto-core/checks/darwin/password_manager.go:106.57,108.2 1 1
github.com/ParetoSecurity/pareto-core/checks/darwin/password_manager.go:110.57,112.2 1 1
github.com/ParetoSecurity/pareto-core/checks/darwin/password_manager.go:114.54,116.2 1 0
github.com/ParetoSecurity/pareto-core/checks/darwin/password_manager.go:118.50,119.18 1 1
github.com/ParetoSecurity/pareto-core/checks/darwin/password_manager.go:119.18,121.3 1 0
github.com/ParetoSecurity/pareto-core/checks/darwin/password_manager.go:122.2,122.28 1 1
github.com/ParetoSecurity/pareto-core/checks/linux/autologin.go:18.35,20.2 1 1
github.com/ParetoSecurity/pareto-core/checks/linux/autologin.go:23.33,28.33 3 1
github.com/ParetoSecurity/pareto-core/checks/linux/autologin.go:28.33,30.17 2 0
github.com/ParetoSecurity/pareto-core/checks/linux/autologin.go:30.17,31.59 1 0
github.com/ParetoSecurity/pareto-core/checks/linux/autologin.go:31.59,35.5 3 0
github.com/ParetoSecurity/pareto-core/checks/linux/autologin.go:40.2,40.67 1 1
github.com/ParetoSecurity/pareto-core/checks/linux/autologin.go:40.67,41.58 1 1
github.com/ParetoSecurity/pareto-core/checks/linux/autologin.go:41.58,45.4 3 1
github.com/ParetoSecurity/pareto-core/checks/linux/autologin.go:49.2,50.32 2 1
github.com/ParetoSecurity/pareto-core/checks/linux/autologin.go:50.32,51.56 1 1
github.com/ParetoSecurity/pareto-core/checks/linux/autologin.go:51.56,52.70 1 1
github.com/ParetoSecurity/pareto-core/checks/linux/autologin.go:52.70,56.5 3 1
github.com/ParetoSecurity/pareto-core/checks/linux/autologin.go:61.2,62.63 2 1
github.com/ParetoSecurity/pareto-core/checks/linux/autologin.go:62.63,66.3 3 1
github.com/ParetoSecurity/pareto-core/checks/linux/autologin.go:68.2,68.12 1 1
github.com/ParetoSecurity/pareto-core/checks/linux/autologin.go:72.35,74.2 1 1
github.com/ParetoSecurity/pareto-core/checks/linux/autologin.go:77.39,79.2 1 0
github.com/ParetoSecurity/pareto-core/checks/linux/autologin.go:82.35,84.2 1 1
github.com/ParetoSecurity/pareto-core/checks/linux/autologin.go:87.44,89.2 1 1
github.com/ParetoSecurity/pareto-core/checks/linux/autologin.go:92.44,94.2 1 1
github.com/ParetoSecurity/pareto-core/checks/linux/autologin.go:97.41,99.2 1 1
github.com/ParetoSecurity/pareto-core/checks/linux/autologin.go:102.37,103.17 1 1
github.com/ParetoSecurity/pareto-core/checks/linux/autologin.go:103.17,105.3 1 1
github.com/ParetoSecurity/pareto-core/checks/linux/autologin.go:106.2,106.26 1 1
github.com/ParetoSecurity/pareto-core/checks/linux/docker.go:16.38,18.2 1 1
github.com/ParetoSecurity/pareto-core/checks/linux/docker.go:21.36,23.38 2 1
github.com/ParetoSecurity/pareto-core/checks/linux/docker.go:23.38,27.3 3 1
github.com/ParetoSecurity/pareto-core/checks/linux/docker.go:29.2,29.43 1 1
github.com/ParetoSecurity/pareto-core/checks/linux/docker.go:29.43,33.3 3 1
github.com/ParetoSecurity/pareto-core/checks/linux/docker.go:35.2,37.12 2 1
github.com/ParetoSecurity/pareto-core/checks/linux/docker.go:41.38,43.2 1 1
github.com/ParetoSecurity/pareto-core/checks/linux/docker.go:46.42,49.39 2 1
github.com/ParetoSecurity/pareto-core/checks/linux/docker.go:49.39,52.3 2 1
github.com/ParetoSecurity/pareto-core/checks/linux/docker.go:54.2,54.13 1 1
github.com/ParetoSecurity/pareto-core/checks/linux/docker.go:58.38,60.2 1 1
github.com/ParetoSecurity/pareto-core/checks/linux/docker.go:63.47,65.2 1 1
github.com/ParetoSecurity/pareto-core/checks/linux/docker.go:68.47,70.2 1 1
github.com/ParetoSecurity/pareto-core/checks/linux/docker.go:73.44,75.2 1 1
github.com/ParetoSecurity/pareto-core/checks/linux/docker.go:78.40,79.17 1 1
github.com/ParetoSecurity/pareto-core/checks/linux/docker.go:79.17,81.3 1 1
github.com/ParetoSecurity/pareto-core/checks/linux/docker.go:82.2,82.26 1 0
github.com/ParetoSecurity/pareto-core/checks/linux/firewall.go:18.34,20.2 1 1
github.com/ParetoSecurity/pareto-core/checks/linux/firewall.go:22.36,24.16 2 1
github.com/ParetoSecurity/pareto-core/checks/linux/firewall.go:24.16,27.3 2 0
github.com/ParetoSecurity/pareto-core/checks/linux/firewall.go:28.2,29.51 2 1
github.com/ParetoSecurity/pareto-core/checks/linux/firewall.go:32.42,34.16 2 1
github.com/ParetoSecurity/pareto-core/checks/linux/firewall.go:34.16,37.3 2 0
github.com/ParetoSecurity/pareto-core/checks/linux/firewall.go:38.2,39.27 2 1
github.com/ParetoSecurity/pareto-core/checks/linux/firewall.go:43.32,44.42 1 1
github.com/ParetoSecurity/pareto-core/checks/linux/firewall.go:44.42,48.17 3 0
github.com/ParetoSecurity/pareto-core/checks/linux/firewall.go:48.17,51.4 2 0
github.com/ParetoSecurity/pareto-core/checks/linux/firewall.go:52.3,53.13 2 0
github.com/ParetoSecurity/pareto-core/checks/linux/firewall.go:56.2,59.15 3 1
github.com/ParetoSecurity/pareto-core/checks/linux/firewall.go:59.15,61.3 1 1
github.com/ParetoSecurity/pareto-core/checks/linux/firewall.go:63.2,63.15 1 1
github.com/ParetoSecurity/pareto-core/checks/linux/firewall.go:63.15,65.3 1 1
github.com/ParetoSecurity/pareto-core/checks/linux/firewall.go:67.2,67.15 1 1
github.com/ParetoSecurity/pareto-core/checks/linux/firewall.go:67.15,69.3 1 1
github.com/ParetoSecurity/pareto-core/checks/linux/firewall.go:71.2,71.12 1 1
github.com/ParetoSecurity/pareto-core/checks/linux/firewall.go:75.34,77.2 1 1
github.com/ParetoSecurity/pareto-core/checks/linux/firewall.go:80.38,83.10 2 0
github.com/ParetoSecurity/pareto-core/checks/linux/firewall.go:83.10,86.3 2 0
github.com/ParetoSecurity/pareto-core/checks/linux/firewall.go:89.2,91.42 3 0
github.com/ParetoSecurity/pareto-core/checks/linux/firewall.go:91.42,94.3 2 0
github.com/ParetoSecurity/pareto-core/checks/linux/firewall.go:96.2,96.13 1 0
github.com/ParetoSecurity/pareto-core/checks/linux/firewall.go:100.34,102.2 1 1
github.com/ParetoSecurity/pareto-core/checks/linux/firewall.go:105.43,107.2 1 1
github.com/ParetoSecurity/pareto-core/checks/linux/firewall.go:110.43,112.2 1 1
github.com/ParetoSecurity/pareto-core/checks/linux/firewall.go:115.40,117.2 1 1
github.com/ParetoSecurity/pareto-core/checks/linux/firewall.go:120.36,121.16 1 1
github.com/ParetoSecurity/pareto-core/checks/linux/firewall.go:121.16,123.3 1 1
github.com/ParetoSecurity/pareto-core/checks/linux/firewall.go:124.2,124.17 1 1
github.com/ParetoSecurity/pareto-core/checks/linux/luks.go:20.38,22.2 1 1
github.com/ParetoSecurity/pareto-core/checks/linux/luks.go:25.38,27.2 1 1
github.com/ParetoSecurity/pareto-core/checks/linux/luks.go:30.42,32.10 2 0
github.com/ParetoSecurity/pareto-core/checks/linux/luks.go:32.10,34.3 1 0
github.com/ParetoSecurity/pareto-core/checks/linux/luks.go:35.2,35.12 1 0
github.com/ParetoSecurity/pareto-core/checks/linux/luks.go:39.38,41.2 1 1
github.com/ParetoSecurity/pareto-core/checks/linux/luks.go:44.47,46.2 1 1
github.com/ParetoSecurity/pareto-core/checks/linux/luks.go:49.47,51.2 1 1
github.com/ParetoSecurity/pareto-core/checks/linux/luks.go:54.44,56.2 1 0
github.com/ParetoSecurity/pareto-core/checks/linux/luks.go:59.36,61.42 1 0
github.com/ParetoSecurity/pareto-core/checks/linux/luks.go:61.42,65.17 3 0
github.com/ParetoSecurity/pareto-core/checks/linux/luks.go:65.17,68.4 2 0
github.com/ParetoSecurity/pareto-core/checks/linux/luks.go:69.3,70.13 2 0
github.com/ParetoSecurity/pareto-core/checks/linux/luks.go:72.2,77.16 4 0
github.com/ParetoSecurity/pareto-core/checks/linux/luks.go:77.16,79.22 2 0
github.com/ParetoSecurity/pareto-core/checks/linux/luks.go:79.22,81.50 2 0
github.com/ParetoSecurity/pareto-core/checks/linux/luks.go:81.50,82.13 1 0
github.com/ParetoSecurity/pareto-core/checks/linux/luks.go:84.4,85.24 2 0
github.com/ParetoSecurity/pareto-core/checks/linux/luks.go:85.24,87.5 1 0
github.com/ParetoSecurity/pareto-core/checks/linux/luks.go:89.3,89.19 1 0
github.com/ParetoSecurity/pareto-core/checks/linux/luks.go:91.2,94.16 4 0
github.com/ParetoSecurity/pareto-core/checks/linux/luks.go:94.16,97.3 2 0
github.com/ParetoSecurity/pareto-core/checks/linux/luks.go:99.2,100.21 2 0
github.com/ParetoSecurity/pareto-core/checks/linux/luks.go:100.21,102.51 2 0
github.com/ParetoSecurity/pareto-core/checks/linux/luks.go:102.51,104.42 2 0
github.com/ParetoSecurity/pareto-core/checks/linux/luks.go:104.42,105.37 1 0
github.com/ParetoSecurity/pareto-core/checks/linux/luks.go:105.37,109.6 3 0
github.com/ParetoSecurity/pareto-core/checks/linux/luks.go:114.2,117.12 3 0
github.com/ParetoSecurity/pareto-core/checks/linux/luks.go:121.40,122.16 1 1
github.com/ParetoSecurity/pareto-core/checks/linux/luks.go:122.16,124.3 1 0
github.com/ParetoSecurity/pareto-core/checks/linux/luks.go:125.2,125.17 1 1
github.com/ParetoSecurity/pareto-core/checks/linux/luks.go:128.34,131.16 2 1
github.com/ParetoSecurity/pareto-core/checks/linux/luks.go:131.16,133.3 1 0
github.com/ParetoSecurity/pareto-core/checks/linux/luks.go:135.2,136.31 2 1
github.com/ParetoSecurity/pareto-core/checks/linux/luks.go:136.31,137.47 1 1
github.com/ParetoSecurity/pareto-core/checks/linux/luks.go:137.47,139.45 2 1
github.com/ParetoSecurity/pareto-core/checks/linux/luks.go:139.45,141.5 1 1
github.com/ParetoSecurity/pareto-core/checks/linux/luks.go:144.2,144.14 1 1
github.com/ParetoSecurity/pareto-core/checks/linux/mock.go:25.44,26.23 1 1
github.com/ParetoSecurity/pareto-core/checks/linux/mock.go:26.23,28.3 1 1
github.com/ParetoSecurity/pareto-core/checks/linux/mock.go:29.2,29.28 1 0
github.com/ParetoSecurity/pareto-core/checks/linux/mock.go:37.42,38.23 1 1
github.com/ParetoSecurity/pareto-core/checks/linux/mock.go:38.23,39.39 1 1
github.com/ParetoSecurity/pareto-core/checks/linux/mock.go:39.39,41.4 1 1
github.com/ParetoSecurity/pareto-core/checks/linux/mock.go:42.3,42.28 1 1
github.com/ParetoSecurity/pareto-core/checks/linux/mock.go:44.2,45.16 2 0
github.com/ParetoSecurity/pareto-core/checks/linux/mock.go:45.16,47.3 1 0
github.com/ParetoSecurity/pareto-core/checks/linux/mock.go:48.2,48.18 1 0
github.com/ParetoSecurity/pareto-core/checks/linux/mock.go:58.53,59.23 1 1
github.com/ParetoSecurity/pareto-core/checks/linux/mock.go:59.23,61.3 1 1
github.com/ParetoSecurity/pareto-core/checks/linux/mock.go:62.2,62.31 1 0
github.com/ParetoSecurity/pareto-core/checks/linux/mock.go:71.46,72.23 1 1
github.com/ParetoSecurity/pareto-core/checks/linux/mock.go:72.23,74.3 1 1
github.com/ParetoSecurity/pareto-core/checks/linux/mock.go:75.2,75.26 1 0
github.com/ParetoSecurity/pareto-core/checks/linux/mock.go:83.55,84.23 1 1
github.com/ParetoSecurity/pareto-core/checks/linux/mock.go:84.23,86.3 1 1
github.com/ParetoSecurity/pareto-core/checks/linux/mock.go:87.2,87.28 1 0
github.com/ParetoSecurity/pareto-core/checks/linux/mock.go:99.37,101.2 1 1
github.com/ParetoSecurity/pareto-core/checks/linux/mock.go:104.36,106.2 1 0
github.com/ParetoSecurity/pareto-core/checks/linux/mock.go:109.42,111.2 1 0
github.com/ParetoSecurity/pareto-core/checks/linux/mock.go:115.51,116.19 1 0
github.com/ParetoSecurity/pareto-core/checks/linux/mock.go:116.19,118.3 1 0
github.com/ParetoSecurity/pareto-core/checks/linux/mock.go:119.2,119.51 1 0
github.com/ParetoSecurity/pareto-core/checks/linux/password_manager.go:16.48,18.2 1 1
github.com/ParetoSecurity/pareto-core/checks/linux/password_manager.go:20.60,23.46 2 1
github.com/ParetoSecurity/pareto-core/checks/linux/password_manager.go:23.46,24.37 1 1
github.com/ParetoSecurity/pareto-core/checks/linux/password_manager.go:24.37,27.4 2 1
github.com/ParetoSecurity/pareto-core/checks/linux/password_manager.go:29.2,29.14 1 1
github.com/ParetoSecurity/pareto-core/checks/linux/password_manager.go:32.46,36.30 1 1
github.com/ParetoSecurity/pareto-core/checks/linux/password_manager.go:36.30,39.3 2 0
github.com/ParetoSecurity/pareto-core/checks/linux/password_manager.go:41.2,42.12 2 1
github.com/ParetoSecurity/pareto-core/checks/linux/password_manager.go:45.39,62.41 4 1
github.com/ParetoSecurity/pareto-core/checks/linux/password_manager.go:62.41,64.17 2 1
github.com/ParetoSecurity/pareto-core/checks/linux/password_manager.go:64.17,65.34 1 1
github.com/ParetoSecurity/pareto-core/checks/linux/password_manager.go:65.34,67.43 2 1
github.com/ParetoSecurity/pareto-core/checks/linux/password_manager.go:67.43,68.54 1 1
github.com/ParetoSecurity/pareto-core/checks/linux/password_manager.go:68.54,71.7 2 1
github.com/ParetoSecurity/pareto-core/checks/linux/password_manager.go:76.2,76.14 1 1
github.com/ParetoSecurity/pareto-core/checks/linux/password_manager.go:79.46,83.62 2 1
github.com/ParetoSecurity/pareto-core/checks/linux/password_manager.go:83.62,86.3 2 1
github.com/ParetoSecurity/pareto-core/checks/linux/password_manager.go:87.2,87.62 1 1
github.com/ParetoSecurity/pareto-core/checks/linux/password_manager.go:87.62,90.3 2 1
github.com/ParetoSecurity/pareto-core/checks/linux/password_manager.go:91.2,91.61 1 1
github.com/ParetoSecurity/pareto-core/checks/linux/password_manager.go:91.61,94.3 2 1
github.com/ParetoSecurity/pareto-core/checks/linux/password_manager.go:95.2,95.65 1 1
github.com/ParetoSecurity/pareto-core/checks/linux/password_manager.go:95.65,98.3 2 1
github.com/ParetoSecurity/pareto-core/checks/linux/password_manager.go:99.2,99.64 1 1
github.com/ParetoSecurity/pareto-core/checks/linux/password_manager.go:99.64,102.3 2 1
github.com/ParetoSecurity/pareto-core/checks/linux/password_manager.go:104.2,104.47 1 1
github.com/ParetoSecurity/pareto-core/checks/linux/password_manager.go:104.47,108.10 3 1
github.com/ParetoSecurity/pareto-core/checks/linux/password_manager.go:108.10,111.18 3 1
github.com/ParetoSecurity/pareto-core/checks/linux/password_manager.go:111.18,112.13 1 1
github.com/ParetoSecurity/pareto-core/checks/linux/password_manager.go:114.4,114.41 1 1
github.com/ParetoSecurity/pareto-core/checks/linux/password_manager.go:117.3,117.40 1 1
github.com/ParetoSecurity/pareto-core/checks/linux/password_manager.go:117.40,119.4 1 1
github.com/ParetoSecurity/pareto-core/checks/linux/password_manager.go:122.2,122.14 1 1
github.com/ParetoSecurity/pareto-core/checks/linux/password_manager.go:125.48,127.2 1 1
github.com/ParetoSecurity/pareto-core/checks/linux/password_manager.go:129.52,131.2 1 0
github.com/ParetoSecurity/pareto-core/checks/linux/password_manager.go:133.48,135.2 1 1
github.com/ParetoSecurity/pareto-core/checks/linux/password_manager.go:137.57,139.2 1 1
github.com/ParetoSecurity/pareto-core/checks/linux/password_manager.go:141.57,143.2 1 1
github.com/ParetoSecurity/pareto-core/checks/linux/password_manager.go:145.54,147.2 1 0
github.com/ParetoSecurity/pareto-core/checks/linux/password_manager.go:149.50,150.18 1 1
github.com/ParetoSecurity/pareto-core/checks/linux/password_manager.go:150.18,152.3 1 0
github.com/ParetoSecurity/pareto-core/checks/linux/password_manager.go:153.2,153.28 1 1
github.com/ParetoSecurity/pareto-core/checks/linux/password_unlock.go:16.42,18.2 1 1
github.com/ParetoSecurity/pareto-core/checks/linux/password_unlock.go:20.46,23.16 2 1
github.com/ParetoSecurity/pareto-core/checks/linux/password_unlock.go:23.16,25.3 1 1
github.com/ParetoSecurity/pareto-core/checks/linux/password_unlock.go:26.2,26.49 1 1
github.com/ParetoSecurity/pareto-core/checks/linux/password_unlock.go:29.44,31.16 2 1
github.com/ParetoSecurity/pareto-core/checks/linux/password_unlock.go:31.16,33.3 1 0
github.com/ParetoSecurity/pareto-core/checks/linux/password_unlock.go:34.2,34.49 1 1
github.com/ParetoSecurity/pareto-core/checks/linux/password_unlock.go:38.40,40.54 1 1
github.com/ParetoSecurity/pareto-core/checks/linux/password_unlock.go:40.54,43.3 2 1
github.com/ParetoSecurity/pareto-core/checks/linux/password_unlock.go:46.2,46.57 1 0
github.com/ParetoSecurity/pareto-core/checks/linux/password_unlock.go:46.57,49.3 2 0
github.com/ParetoSecurity/pareto-core/checks/linux/password_unlock.go:52.2,53.12 2 0
github.com/ParetoSecurity/pareto-core/checks/linux/password_unlock.go:57.42,59.2 1 1
github.com/ParetoSecurity/pareto-core/checks/linux/password_unlock.go:62.46,64.2 1 0
github.com/ParetoSecurity/pareto-core/checks/linux/password_unlock.go:67.42,69.2 1 1
github.com/ParetoSecurity/pareto-core/checks/linux/password_unlock.go:72.51,74.2 1 1
github.com/ParetoSecurity/pareto-core/checks/linux/password_unlock.go:77.51,79.2 1 1
github.com/ParetoSecurity/pareto-core/checks/linux/password_unlock.go:82.48,84.2 1 1
github.com/ParetoSecurity/pareto-core/checks/linux/password_unlock.go:87.44,88.16 1 1
github.com/ParetoSecurity/pareto-core/checks/linux/password_unlock.go:88.16,90.3 1 0
github.com/ParetoSecurity/pareto-core/checks/linux/password_unlock.go:91.2,91.26 1 1
github.com/ParetoSecurity/pareto-core/checks/linux/printer.go:18.33,20.2 1 1
github.com/ParetoSecurity/pareto-core/checks/linux/printer.go:23.58,25.23 1 1
github.com/ParetoSecurity/pareto-core/checks/linux/printer.go:25.23,27.3 1 1
github.com/ParetoSecurity/pareto-core/checks/linux/printer.go:29.2,30.16 2 0
github.com/ParetoSecurity/pareto-core/checks/linux/printer.go:30.16,32.3 1 0
github.com/ParetoSecurity/pareto-core/checks/linux/printer.go:34.2,34.29 1 0
github.com/ParetoSecurity/pareto-core/checks/linux/printer.go:34.29,36.17 2 0
github.com/ParetoSecurity/pareto-core/checks/linux/printer.go:36.17,37.12 1 0
github.com/ParetoSecurity/pareto-core/checks/linux/printer.go:41.3,41.22 1 0
github.com/ParetoSecurity/pareto-core/checks/linux/printer.go:41.22,42.12 1 0
github.com/ParetoSecurity/pareto-core/checks/linux/printer.go:45.3,47.17 3 0
github.com/ParetoSecurity/pareto-core/checks/linux/printer.go:47.17,51.4 3 0
github.com/ParetoSecurity/pareto-core/checks/linux/printer.go:54.2,54.14 1 0
github.com/ParetoSecurity/pareto-core/checks/linux/printer.go:58.31,67.42 4 1
github.com/ParetoSecurity/pareto-core/checks/linux/printer.go:67.42,68.31 1 1
github.com/ParetoSecurity/pareto-core/checks/linux/printer.go:68.31,72.4 3 1
github.com/ParetoSecurity/pareto-core/checks/linux/printer.go:75.2,75.12 1 1
github.com/ParetoSecurity/pareto-core/checks/linux/printer.go:79.33,81.2 1 1
github.com/ParetoSecurity/pareto-core/checks/linux/printer.go:84.37,86.2 1 0
github.com/ParetoSecurity/pareto-core/checks/linux/printer.go:89.33,91.2 1 1
github.com/ParetoSecurity/pareto-core/checks/linux/printer.go:94.42,96.2 1 1
github.com/ParetoSecurity/pareto-core/checks/linux/printer.go:99.42,101.2 1 1
github.com/ParetoSecurity/pareto-core/checks/linux/printer.go:104.39,106.2 1 1
github.com/ParetoSecurity/pareto-core/checks/linux/printer.go:109.35,110.17 1 1
github.com/ParetoSecurity/pareto-core/checks/linux/printer.go:110.17,112.38 2 1
github.com/ParetoSecurity/pareto-core/checks/linux/printer.go:112.38,114.4 1 0
github.com/ParetoSecurity/pareto-core/checks/linux/printer.go:115.3,115.13 1 1
github.com/ParetoSecurity/pareto-core/checks/linux/printer.go:117.2,117.26 1 0
github.com/ParetoSecurity/pareto-core/checks/linux/secure_boot.go:14.36,16.2 1 1
github.com/ParetoSecurity/pareto-core/checks/linux/secure_boot.go:19.34,24.37 3 1
github.com/ParetoSecurity/pareto-core/checks/linux/secure_boot.go:24.37,28.3 3 1
github.com/ParetoSecurity/pareto-core/checks/linux/secure_boot.go:30.2,31.16 2 1
github.com/ParetoSecurity/pareto-core/checks/linux/secure_boot.go:31.16,35.3 3 0
github.com/ParetoSecurity/pareto-core/checks/linux/secure_boot.go:40.2,40.36 1 1
github.com/ParetoSecurity/pareto-core/checks/linux/secure_boot.go:40.36,44.3 3 1
github.com/ParetoSecurity/pareto-core/checks/linux/secure_boot.go:45.2,48.12 3 1
github.com/ParetoSecurity/pareto-core/checks/linux/secure_boot.go:52.36,54.2 1 1
github.com/ParetoSecurity/pareto-core/checks/linux/secure_boot.go:57.40,58.71 1 1
github.com/ParetoSecurity/pareto-core/checks/linux/secure_boot.go:58.71,61.3 2 1
github.com/ParetoSecurity/pareto-core/checks/linux/secure_boot.go:62.2,62.14 1 1
github.com/ParetoSecurity/pareto-core/checks/linux/secure_boot.go:66.36,68.2 1 1
github.com/ParetoSecurity/pareto-core/checks/linux/secure_boot.go:71.45,73.2 1 1
github.com/ParetoSecurity/pareto-core/checks/linux/secure_boot.go:76.45,78.2 1 1
github.com/ParetoSecurity/pareto-core/checks/linux/secure_boot.go:81.42,83.2 1 0
github.com/ParetoSecurity/pareto-core/checks/linux/secure_boot.go:86.38,88.2 1 1
github.com/ParetoSecurity/pareto-core/checks/linux/sharing.go:18.33,20.2 1 1
github.com/ParetoSecurity/pareto-core/checks/linux/sharing.go:23.58,25.23 1 1
github.com/ParetoSecurity/pareto-core/checks/linux/sharing.go:25.23,27.3 1 1
github.com/ParetoSecurity/pareto-core/checks/linux/sharing.go:29.2,30.16 2 0
github.com/ParetoSecurity/pareto-core/checks/linux/sharing.go:30.16,32.3 1 0
github.com/ParetoSecurity/pareto-core/checks/linux/sharing.go:34.2,34.29 1 0
github.com/ParetoSecurity/pareto-core/checks/linux/sharing.go:34.29,36.17 2 0
github.com/ParetoSecurity/pareto-core/checks/linux/sharing.go:36.17,37.12 1 0
github.com/ParetoSecurity/pareto-core/checks/linux/sharing.go:41.3,41.22 1 0
github.com/ParetoSecurity/pareto-core/checks/linux/sharing.go:41.22,42.12 1 0
github.com/ParetoSecurity/pareto-core/checks/linux/sharing.go:45.3,47.17 3 0
github.com/ParetoSecurity/pareto-core/checks/linux/sharing.go:47.17,51.4 3 0
github.com/ParetoSecurity/pareto-core/checks/linux/sharing.go:54.2,54.14 1 0
github.com/ParetoSecurity/pareto-core/checks/linux/sharing.go:58.31,72.43 4 1
github.com/ParetoSecurity/pareto-core/checks/linux/sharing.go:72.43,73.31 1 1
github.com/ParetoSecurity/pareto-core/checks/linux/sharing.go:73.31,77.4 3 1
github.com/ParetoSecurity/pareto-core/checks/linux/sharing.go:80.2,80.12 1 1
github.com/ParetoSecurity/pareto-core/checks/linux/sharing.go:84.33,86.2 1 1
github.com/ParetoSecurity/pareto-core/checks/linux/sharing.go:89.37,91.2 1 0
github.com/ParetoSecurity/pareto-core/checks/linux/sharing.go:94.33,96.2 1 1
github.com/ParetoSecurity/pareto-core/checks/linux/sharing.go:99.42,101.2 1 1
github.com/ParetoSecurity/pareto-core/checks/linux/sharing.go:104.42,106.2 1 1
github.com/ParetoSecurity/pareto-core/checks/linux/sharing.go:109.39,111.2 1 1
github.com/ParetoSecurity/pareto-core/checks/linux/sharing.go:114.35,115.17 1 1
github.com/ParetoSecurity/pareto-core/checks/linux/sharing.go:115.17,117.38 2 1
github.com/ParetoSecurity/pareto-core/checks/linux/sharing.go:117.38,119.4 1 0
github.com/ParetoSecurity/pareto-core/checks/linux/sharing.go:120.3,120.13 1 1
github.com/ParetoSecurity/pareto-core/checks/linux/sharing.go:122.2,122.26 1 0
github.com/ParetoSecurity/pareto-core/checks/linux/software_updates.go:18.41,20.2 1 1
github.com/ParetoSecurity/pareto-core/checks/linux/software_updates.go:22.57,26.47 2 1
github.com/ParetoSecurity/pareto-core/checks/linux/software_updates.go:26.47,29.36 3 1
github.com/ParetoSecurity/pareto-core/checks/linux/software_updates.go:29.36,31.4 1 1
github.com/ParetoSecurity/pareto-core/checks/linux/software_updates.go:35.2,35.43 1 1
github.com/ParetoSecurity/pareto-core/checks/linux/software_updates.go:35.43,38.86 3 1
github.com/ParetoSecurity/pareto-core/checks/linux/software_updates.go:38.86,40.4 1 1
github.com/ParetoSecurity/pareto-core/checks/linux/software_updates.go:44.2,44.43 1 1
github.com/ParetoSecurity/pareto-core/checks/linux/software_updates.go:44.43,45.80 1 1
github.com/ParetoSecurity/pareto-core/checks/linux/software_updates.go:45.80,46.77 1 0
github.com/ParetoSecurity/pareto-core/checks/linux/software_updates.go:46.77,48.5 1 0
github.com/ParetoSecurity/pareto-core/checks/linux/software_updates.go:53.2,53.46 1 1
github.com/ParetoSecurity/pareto-core/checks/linux/software_updates.go:53.46,56.36 3 1
github.com/ParetoSecurity/pareto-core/checks/linux/software_updates.go:56.36,58.4 1 1
github.com/ParetoSecurity/pareto-core/checks/linux/software_updates.go:62.2,62.44 1 1
github.com/ParetoSecurity/pareto-core/checks/linux/software_updates.go:62.44,65.98 3 1
github.com/ParetoSecurity/pareto-core/checks/linux/software_updates.go:65.98,67.4 1 1
github.com/ParetoSecurity/pareto-core/checks/linux/software_updates.go:70.2,70.23 1 1
github.com/ParetoSecurity/pareto-core/checks/linux/software_updates.go:70.23,72.3 1 1
github.com/ParetoSecurity/pareto-core/checks/linux/software_updates.go:73.2,74.71 2 1
github.com/ParetoSecurity/pareto-core/checks/linux/software_updates.go:78.39,83.2 4 1
github.com/ParetoSecurity/pareto-core/checks/linux/software_updates.go:86.41,88.2 1 1
github.com/ParetoSecurity/pareto-core/checks/linux/software_updates.go:91.45,93.2 1 0
github.com/ParetoSecurity/pareto-core/checks/linux/software_updates.go:96.41,98.2 1 1
github.com/ParetoSecurity/pareto-core/checks/linux/software_updates.go:101.50,103.2 1 1
github.com/ParetoSecurity/pareto-core/checks/linux/software_updates.go:106.50,108.2 1 1
github.com/ParetoSecurity/pareto-core/checks/linux/software_updates.go:111.47,113.2 1 1
github.com/ParetoSecurity/pareto-core/checks/linux/software_updates.go:116.43,118.2 1 1
github.com/ParetoSecurity/pareto-core/checks/linux/ssh_config.go:16.40,18.2 1 1
github.com/ParetoSecurity/pareto-core/checks/linux/ssh_config.go:20.49,22.2 1 1
github.com/ParetoSecurity/pareto-core/checks/linux/ssh_config.go:24.49,26.2 1 1
github.com/ParetoSecurity/pareto-core/checks/linux/ssh_config.go:28.38,29.42 1 1
github.com/ParetoSecurity/pareto-core/checks/linux/ssh_config.go:29.42,33.17 3 0
github.com/ParetoSecurity/pareto-core/checks/linux/ssh_config.go:33.17,36.4 2 0
github.com/ParetoSecurity/pareto-core/checks/linux/ssh_config.go:37.3,38.13 2 0
github.com/ParetoSecurity/pareto-core/checks/linux/ssh_config.go:40.2,48.16 6 1
github.com/ParetoSecurity/pareto-core/checks/linux/ssh_config.go:48.16,51.3 2 0
github.com/ParetoSecurity/pareto-core/checks/linux/ssh_config.go:53.2,53.60 1 1
github.com/ParetoSecurity/pareto-core/checks/linux/ssh_config.go:53.60,56.3 2 1
github.com/ParetoSecurity/pareto-core/checks/linux/ssh_config.go:57.2,57.53 1 1
github.com/ParetoSecurity/pareto-core/checks/linux/ssh_config.go:57.53,60.3 2 1
github.com/ParetoSecurity/pareto-core/checks/linux/ssh_config.go:61.2,61.58 1 1
github.com/ParetoSecurity/pareto-core/checks/linux/ssh_config.go:61.58,64.3 2 1
github.com/ParetoSecurity/pareto-core/checks/linux/ssh_config.go:66.2,66.12 1 1
github.com/ParetoSecurity/pareto-core/checks/linux/ssh_config.go:69.40,71.2 1 1
github.com/ParetoSecurity/pareto-core/checks/linux/ssh_config.go:73.44,77.57 2 1
github.com/ParetoSecurity/pareto-core/checks/linux/ssh_config.go:77.57,79.3 1 1
github.com/ParetoSecurity/pareto-core/checks/linux/ssh_config.go:82.2,83.56 2 1
github.com/ParetoSecurity/pareto-core/checks/linux/ssh_config.go:83.56,85.3 1 1
github.com/ParetoSecurity/pareto-core/checks/linux/ssh_config.go:87.2,88.61 2 1
github.com/ParetoSecurity/pareto-core/checks/linux/ssh_config.go:88.61,90.3 1 1
github.com/ParetoSecurity/pareto-core/checks/linux/ssh_config.go:93.2,94.64 2 1
github.com/ParetoSecurity/pareto-core/checks/linux/ssh_config.go:97.40,99.2 1 1
github.com/ParetoSecurity/pareto-core/checks/linux/ssh_config.go:101.42,102.16 1 1
github.com/ParetoSecurity/pareto-core/checks/linux/ssh_config.go:102.16,104.3 1 0
github.com/ParetoSecurity/pareto-core/checks/linux/ssh_config.go:105.2,105.17 1 1
github.com/ParetoSecurity/pareto-core/checks/linux/ssh_config.go:108.46,110.2 1 1
github.com/ParetoSecurity/pareto-core/cmd/check.go:20.46,25.24 5 0
github.com/ParetoSecurity/pareto-core/cmd/check.go:25.24,27.4 1 0
github.com/ParetoSecurity/pareto-core/cmd/check.go:28.3,28.69 1 0
github.com/ParetoSecurity/pareto-core/cmd/check.go:32.13,38.2 5 1
github.com/ParetoSecurity/pareto-core/cmd/check.go:40.27,43.2 2 0
github.com/ParetoSecurity/pareto-core/cmd/check.go:45.93,47.21 1 0
github.com/ParetoSecurity/pareto-core/cmd/check.go:47.21,49.3 1 0
github.com/ParetoSecurity/pareto-core/cmd/check.go:51.2,51.17 1 0
github.com/ParetoSecurity/pareto-core/cmd/check.go:51.17,54.3 2 0
github.com/ParetoSecurity/pareto-core/cmd/check.go:55.2,55.19 1 0
github.com/ParetoSecurity/pareto-core/cmd/check.go:55.19,58.3 2 0
github.com/ParetoSecurity/pareto-core/cmd/check.go:59.2,59.18 1 0
github.com/ParetoSecurity/pareto-core/cmd/check.go:59.18,62.3 2 0
github.com/ParetoSecurity/pareto-core/cmd/check.go:64.2,64.16 1 0
github.com/ParetoSecurity/pareto-core/cmd/check.go:64.16,67.3 2 0
github.com/ParetoSecurity/pareto-core/cmd/check.go:69.2,73.12 4 0
github.com/ParetoSecurity/pareto-core/cmd/check.go:73.12,76.3 2 0
github.com/ParetoSecurity/pareto-core/cmd/check.go:78.2,78.9 1 0
github.com/ParetoSecurity/pareto-core/cmd/check.go:79.14,80.24 1 0
github.com/ParetoSecurity/pareto-core/cmd/check.go:80.24,82.18 2 0
github.com/ParetoSecurity/pareto-core/cmd/check.go:82.18,84.5 1 0
github.com/ParetoSecurity/pareto-core/cmd/check.go:85.9,87.4 1 0
github.com/ParetoSecurity/pareto-core/cmd/check.go:88.3,88.30 1 0
github.com/ParetoSecurity/pareto-core/cmd/check.go:88.30,90.4 1 0
github.com/ParetoSecurity/pareto-core/cmd/check.go:91.20,93.13 2 0
github.com/ParetoSecurity/pareto-core/cmd/helper.go:15.18,19.16 3 1
github.com/ParetoSecurity/pareto-core/cmd/helper.go:19.16,22.3 2 0
github.com/ParetoSecurity/pareto-core/cmd/helper.go:23.2,26.6 3 1
github.com/ParetoSecurity/pareto-core/cmd/helper.go:26.6,28.17 2 1
github.com/ParetoSecurity/pareto-core/cmd/helper.go:28.17,30.12 2 0
github.com/ParetoSecurity/pareto-core/cmd/helper.go:33.3,34.8 2 1
github.com/ParetoSecurity/pareto-core/cmd/helper.go:38.38,45.47 5 1
github.com/ParetoSecurity/pareto-core/cmd/helper.go:45.47,48.3 2 0
github.com/ParetoSecurity/pareto-core/cmd/helper.go:49.2,50.9 2 1
github.com/ParetoSecurity/pareto-core/cmd/helper.go:50.9,53.3 2 0
github.com/ParetoSecurity/pareto-core/cmd/helper.go:54.2,57.35 3 1
github.com/ParetoSecurity/pareto-core/cmd/helper.go:57.35,58.36 1 0
github.com/ParetoSecurity/pareto-core/cmd/helper.go:58.36,59.68 1 0
github.com/ParetoSecurity/pareto-core/cmd/helper.go:59.68,61.25 2 0
github.com/ParetoSecurity/pareto-core/cmd/helper.go:61.25,63.14 2 0
github.com/ParetoSecurity/pareto-core/cmd/helper.go:65.5,66.38 2 0
github.com/ParetoSecurity/pareto-core/cmd/helper.go:72.2,73.16 2 1
github.com/ParetoSecurity/pareto-core/cmd/helper.go:73.16,76.3 2 0
github.com/ParetoSecurity/pareto-core/cmd/helper.go:77.2,77.47 1 1
github.com/ParetoSecurity/pareto-core/cmd/helper.go:77.47,79.3 1 0
github.com/ParetoSecurity/pareto-core/cmd/helper.go:86.47,89.32 2 0
github.com/ParetoSecurity/pareto-core/cmd/helper.go:89.32,91.4 1 0
github.com/ParetoSecurity/pareto-core/cmd/helper.go:93.3,93.14 1 0
github.com/ParetoSecurity/pareto-core/cmd/helper.go:97.13,100.2 2 1
github.com/ParetoSecurity/pareto-core/cmd/link.go:40.46,41.24 1 0
github.com/ParetoSecurity/pareto-core/cmd/link.go:41.24,46.4 4 0
github.com/ParetoSecurity/pareto-core/cmd/link.go:48.3,49.29 2 0
github.com/ParetoSecurity/pareto-core/cmd/link.go:49.29,51.18 2 0
github.com/ParetoSecurity/pareto-core/cmd/link.go:51.18,54.5 2 0
github.com/ParetoSecurity/pareto-core/cmd/link.go:56.4,57.18 2 0
github.com/ParetoSecurity/pareto-core/cmd/link.go:57.18,60.5 2 0
github.com/ParetoSecurity/pareto-core/cmd/link.go:62.4,65.18 4 0
github.com/ParetoSecurity/pareto-core/cmd/link.go:65.18,68.5 2 0
github.com/ParetoSecurity/pareto-core/cmd/link.go:69.4,69.77 1 0
github.com/ParetoSecurity/pareto-core/cmd/link.go:75.54,78.16 2 0
github.com/ParetoSecurity/pareto-core/cmd/link.go:78.16,80.3 1 0
github.com/ParetoSecurity/pareto-core/cmd/link.go:82.2,84.17 3 0
github.com/ParetoSecurity/pareto-core/cmd/link.go:84.17,86.3 1 0
github.com/ParetoSecurity/pareto-core/cmd/link.go:88.2,88.19 1 0
github.com/ParetoSecurity/pareto-core/cmd/link.go:91.52,92.106 1 1
github.com/ParetoSecurity/pareto-core/cmd/link.go:92.106,94.3 1 1
github.com/ParetoSecurity/pareto-core/cmd/link.go:95.2,95.56 1 1
github.com/ParetoSecurity/pareto-core/cmd/link.go:95.56,97.3 1 1
github.com/ParetoSecurity/pareto-core/cmd/link.go:98.2,98.47 1 1
github.com/ParetoSecurity/pareto-core/cmd/link.go:101.13,103.2 1 1
github.com/ParetoSecurity/pareto-core/cmd/root.go:15.60,17.14 1 0
github.com/ParetoSecurity/pareto-core/cmd/root.go:17.14,19.4 1 0
github.com/ParetoSecurity/pareto-core/cmd/root.go:23.13,26.2 1 1
github.com/ParetoSecurity/pareto-core/cmd/root.go:28.16,29.30 1 0
github.com/ParetoSecurity/pareto-core/cmd/root.go:29.30,31.3 1 0
github.com/ParetoSecurity/pareto-core/cmd/timer_darwin.go:10.34,12.2 1 0
github.com/ParetoSecurity/pareto-core/cmd/timer_darwin.go:14.27,16.2 1 0
github.com/ParetoSecurity/pareto-core/cmd/timer_darwin.go:18.25,20.2 1 0
github.com/ParetoSecurity/pareto-core/cmd/unlink.go:15.46,19.45 4 0
github.com/ParetoSecurity/pareto-core/cmd/unlink.go:19.45,21.25 2 0
github.com/ParetoSecurity/pareto-core/cmd/unlink.go:21.25,23.5 1 0
github.com/ParetoSecurity/pareto-core/cmd/unlink.go:24.4,24.14 1 0
github.com/ParetoSecurity/pareto-core/cmd/unlink.go:29.13,31.2 1 1
github.com/ParetoSecurity/pareto-core/cmd/version.go:19.48,20.20 1 0
github.com/ParetoSecurity/pareto-core/cmd/version.go:20.20,23.5 2 0
github.com/ParetoSecurity/pareto-core/cmd/version.go:25.4,36.18 10 0
github.com/ParetoSecurity/pareto-core/cmd/version.go:36.18,38.5 1 0
github.com/ParetoSecurity/pareto-core/cmd/version.go:39.4,41.18 3 0
github.com/ParetoSecurity/pareto-core/cmd/version.go:41.18,43.5 1 0
github.com/ParetoSecurity/pareto-core/cmd/version.go:44.4,46.14 2 0
github.com/ParetoSecurity/pareto-core/cmd/version.go:51.13,54.2 2 1
github.com/ParetoSecurity/pareto-core/runner/checks.go:20.61,24.41 4 1
github.com/ParetoSecurity/pareto-core/runner/checks.go:24.41,26.3 1 0
github.com/ParetoSecurity/pareto-core/runner/checks.go:27.2,27.36 1 1
github.com/ParetoSecurity/pareto-core/runner/checks.go:27.36,28.36 1 1
github.com/ParetoSecurity/pareto-core/runner/checks.go:28.36,30.49 2 1
github.com/ParetoSecurity/pareto-core/runner/checks.go:30.49,32.12 2 1
github.com/ParetoSecurity/pareto-core/runner/checks.go:33.23,34.12 1 1
github.com/ParetoSecurity/pareto-core/runner/checks.go:35.13,53.27 4 1
github.com/ParetoSecurity/pareto-core/runner/checks.go:53.27,56.7 2 1
github.com/ParetoSecurity/pareto-core/runner/checks.go:58.6,58.38 1 1
github.com/ParetoSecurity/pareto-core/runner/checks.go:58.38,60.7 1 0
github.com/ParetoSecurity/pareto-core/runner/checks.go:62.6,62.22 1 1
github.com/ParetoSecurity/pareto-core/runner/checks.go:62.22,64.7 1 1
github.com/ParetoSecurity/pareto-core/runner/checks.go:64.12,66.7 1 0
github.com/ParetoSecurity/pareto-core/runner/checks.go:67.6,71.8 1 1
github.com/ParetoSecurity/pareto-core/runner/checks.go:76.2,77.49 2 1
github.com/ParetoSecurity/pareto-core/runner/checks.go:77.49,79.3 1 0
github.com/ParetoSecurity/pareto-core/runner/checks.go:80.2,80.40 1 1
github.com/ParetoSecurity/pareto-core/runner/checks.go:80.40,82.3 1 0
github.com/ParetoSecurity/pareto-core/runner/checks.go:84.2,85.44 2 1
github.com/ParetoSecurity/pareto-core/runner/checks.go:85.44,87.3 1 0
github.com/ParetoSecurity/pareto-core/runner/checks.go:99.44,101.36 2 1
github.com/ParetoSecurity/pareto-core/runner/checks.go:101.36,102.36 1 1
github.com/ParetoSecurity/pareto-core/runner/checks.go:102.36,104.25 1 1
github.com/ParetoSecurity/pareto-core/runner/checks.go:104.25,106.13 2 1
github.com/ParetoSecurity/pareto-core/runner/checks.go:109.4,109.36 1 1
github.com/ParetoSecurity/pareto-core/runner/checks.go:109.36,111.13 2 0
github.com/ParetoSecurity/pareto-core/runner/checks.go:113.4,113.20 1 1
github.com/ParetoSecurity/pareto-core/runner/checks.go:113.20,115.5 1 1
github.com/ParetoSecurity/pareto-core/runner/checks.go:115.10,117.5 1 0
github.com/ParetoSecurity/pareto-core/runner/checks.go:120.2,120.44 1 1
github.com/ParetoSecurity/pareto-core/runner/checks.go:120.44,122.3 1 0
github.com/ParetoSecurity/pareto-core/runner/checks.go:123.2,124.16 2 1
github.com/ParetoSecurity/pareto-core/runner/checks.go:124.16,126.3 1 0
github.com/ParetoSecurity/pareto-core/runner/checks.go:127.2,127.26 1 1
github.com/ParetoSecurity/pareto-core/runner/checks.go:136.50,138.36 2 1
github.com/ParetoSecurity/pareto-core/runner/checks.go:138.36,140.36 2 1
github.com/ParetoSecurity/pareto-core/runner/checks.go:140.36,142.4 1 1
github.com/ParetoSecurity/pareto-core/runner/checks.go:143.3,143.31 1 1
github.com/ParetoSecurity/pareto-core/runner/checks.go:145.2,146.16 2 1
github.com/ParetoSecurity/pareto-core/runner/checks.go:146.16,148.3 1 0
github.com/ParetoSecurity/pareto-core/runner/checks.go:149.2,149.26 1 1
github.com/ParetoSecurity/pareto-core/team/report.go:32.43,40.28 7 1
github.com/ParetoSecurity/pareto-core/team/report.go:40.28,41.38 1 1
github.com/ParetoSecurity/pareto-core/team/report.go:41.38,42.26 1 1
github.com/ParetoSecurity/pareto-core/team/report.go:42.26,43.23 1 1
github.com/ParetoSecurity/pareto-core/team/report.go:43.23,46.6 2 1
github.com/ParetoSecurity/pareto-core/team/report.go:46.11,50.6 3 1
github.com/ParetoSecurity/pareto-core/team/report.go:51.10,55.5 3 1
github.com/ParetoSecurity/pareto-core/team/report.go:59.2,69.3 2 1
github.com/ParetoSecurity/pareto-core/team/report.go:73.27,90.16 6 0
github.com/ParetoSecurity/pareto-core/team/report.go:90.16,95.3 2 0
github.com/ParetoSecurity/pareto-core/team/report.go:96.2,97.12 2 0
github.com/ParetoSecurity/pareto-core/shared/broadcaster.go:15.36,23.2 3 1
github.com/ParetoSecurity/pareto-core/shared/broadcaster.go:26.46,32.2 5 1
github.com/ParetoSecurity/pareto-core/shared/broadcaster.go:35.50,40.2 4 1
github.com/ParetoSecurity/pareto-core/shared/broadcaster.go:43.30,45.2 1 1
github.com/ParetoSecurity/pareto-core/shared/broadcaster.go:48.43,49.27 1 1
github.com/ParetoSecurity/pareto-core/shared/broadcaster.go:49.27,51.31 2 1
github.com/ParetoSecurity/pareto-core/shared/broadcaster.go:51.31,52.11 1 1
github.com/ParetoSecurity/pareto-core/shared/broadcaster.go:53.19,53.19 0 1
github.com/ParetoSecurity/pareto-core/shared/broadcaster.go:54.12,54.12 0 0
github.com/ParetoSecurity/pareto-core/shared/broadcaster.go:58.3,58.17 1 1
github.com/ParetoSecurity/pareto-core/shared/cache.go:19.42,24.40 3 1
github.com/ParetoSecurity/pareto-core/shared/cache.go:24.40,25.37 1 1
github.com/ParetoSecurity/pareto-core/shared/cache.go:25.37,27.4 1 1
github.com/ParetoSecurity/pareto-core/shared/cache.go:28.3,28.25 1 1
github.com/ParetoSecurity/pareto-core/shared/cache.go:31.2,31.18 1 1
github.com/ParetoSecurity/pareto-core/shared/cache.go:34.57,43.2 3 1
github.com/ParetoSecurity/pareto-core/shared/command.go:20.61,23.23 1 0
github.com/ParetoSecurity/pareto-core/shared/command.go:23.23,26.10 3 0
github.com/ParetoSecurity/pareto-core/shared/command.go:26.10,28.4 1 0
github.com/ParetoSecurity/pareto-core/shared/command.go:29.3,29.26 1 0
github.com/ParetoSecurity/pareto-core/shared/command.go:32.2,35.28 4 0
github.com/ParetoSecurity/pareto-core/shared/config.go:25.25,27.16 2 1
github.com/ParetoSecurity/pareto-core/shared/config.go:27.16,29.3 1 0
github.com/ParetoSecurity/pareto-core/shared/config.go:31.2,33.16 3 1
github.com/ParetoSecurity/pareto-core/shared/config.go:33.16,35.3 1 0
github.com/ParetoSecurity/pareto-core/shared/config.go:36.2,39.31 3 1
github.com/ParetoSecurity/pareto-core/shared/config.go:42.25,44.16 2 0
github.com/ParetoSecurity/pareto-core/shared/config.go:44.16,46.3 1 0
github.com/ParetoSecurity/pareto-core/shared/config.go:48.2,49.55 2 0
github.com/ParetoSecurity/pareto-core/shared/config.go:49.55,50.38 1 0
github.com/ParetoSecurity/pareto-core/shared/config.go:50.38,52.4 1 0
github.com/ParetoSecurity/pareto-core/shared/config.go:53.3,53.13 1 0
github.com/ParetoSecurity/pareto-core/shared/config.go:55.2,56.16 2 0
github.com/ParetoSecurity/pareto-core/shared/config.go:56.16,58.3 1 0
github.com/ParetoSecurity/pareto-core/shared/config.go:59.2,63.16 4 0
github.com/ParetoSecurity/pareto-core/shared/config.go:63.16,65.3 1 0
github.com/ParetoSecurity/pareto-core/shared/config.go:67.2,67.12 1 0
github.com/ParetoSecurity/pareto-core/shared/device_all.go:17.47,19.16 2 1
github.com/ParetoSecurity/pareto-core/shared/device_all.go:19.16,21.3 1 0
github.com/ParetoSecurity/pareto-core/shared/device_all.go:23.2,24.31 2 1
github.com/ParetoSecurity/pareto-core/shared/device_all.go:24.31,27.3 2 0
github.com/ParetoSecurity/pareto-core/shared/device_all.go:29.2,36.28 2 1
github.com/ParetoSecurity/pareto-core/shared/device_all.go:36.28,38.18 2 1
github.com/ParetoSecurity/pareto-core/shared/device_all.go:38.18,40.5 1 1
github.com/ParetoSecurity/pareto-core/shared/device_all.go:42.4,42.30 1 0
github.com/ParetoSecurity/pareto-core/shared/device_all.go:44.30,46.18 2 1
github.com/ParetoSecurity/pareto-core/shared/device_all.go:46.18,48.5 1 1
github.com/ParetoSecurity/pareto-core/shared/device_all.go:50.4,50.17 1 0
github.com/ParetoSecurity/pareto-core/shared/device_all.go:69.49,71.23 1 1
github.com/ParetoSecurity/pareto-core/shared/device_all.go:71.23,80.3 1 1
github.com/ParetoSecurity/pareto-core/shared/device_all.go:82.2,83.16 2 0
github.com/ParetoSecurity/pareto-core/shared/device_all.go:83.16,86.3 2 0
github.com/ParetoSecurity/pareto-core/shared/device_all.go:87.2,90.16 3 0
github.com/ParetoSecurity/pareto-core/shared/device_all.go:90.16,93.3 2 0
github.com/ParetoSecurity/pareto-core/shared/device_all.go:94.2,95.16 2 0
github.com/ParetoSecurity/pareto-core/shared/device_all.go:95.16,98.3 2 0
github.com/ParetoSecurity/pareto-core/shared/device_all.go:99.2,100.16 2 0
github.com/ParetoSecurity/pareto-core/shared/device_all.go:100.16,103.3 2 0
github.com/ParetoSecurity/pareto-core/shared/device_all.go:105.2,112.8 1 0
github.com/ParetoSecurity/pareto-core/shared/device_all.go:118.26,127.28 2 1
github.com/ParetoSecurity/pareto-core/shared/device_all.go:127.28,129.3 1 1
github.com/ParetoSecurity/pareto-core/shared/device_all.go:131.2,134.16 4 1
github.com/ParetoSecurity/pareto-core/shared/device_all.go:134.16,137.3 2 0
github.com/ParetoSecurity/pareto-core/shared/device_all.go:138.2,138.56 1 1
github.com/ParetoSecurity/pareto-core/shared/device_all.go:138.56,141.3 2 0
github.com/ParetoSecurity/pareto-core/shared/device_all.go:142.2,142.22 1 1
github.com/ParetoSecurity/pareto-core/shared/http.go:26.85,29.2 2 0
github.com/ParetoSecurity/pareto-core/shared/http.go:31.42,62.2 5 0
github.com/ParetoSecurity/pareto-core/shared/http.go:64.36,66.23 2 0
github.com/ParetoSecurity/pareto-core/shared/http.go:66.23,68.3 1 0
github.com/ParetoSecurity/pareto-core/shared/http.go:69.2,69.84 1 0
github.com/ParetoSecurity/pareto-core/shared/http.go:69.84,72.3 1 0
github.com/ParetoSecurity/pareto-core/shared/http.go:74.2,74.49 1 0
github.com/ParetoSecurity/pareto-core/shared/http.go:78.40,79.17 1 0
github.com/ParetoSecurity/pareto-core/shared/http.go:79.17,81.3 1 0
github.com/ParetoSecurity/pareto-core/shared/http.go:82.2,82.26 1 0
github.com/ParetoSecurity/pareto-core/shared/lastState.go:26.13,29.16 3 1
github.com/ParetoSecurity/pareto-core/shared/lastState.go:29.16,32.3 2 0
github.com/ParetoSecurity/pareto-core/shared/lastState.go:33.2,33.71 1 1
github.com/ParetoSecurity/pareto-core/shared/lastState.go:37.30,42.16 4 0
github.com/ParetoSecurity/pareto-core/shared/lastState.go:42.16,44.3 1 0
github.com/ParetoSecurity/pareto-core/shared/lastState.go:45.2,48.31 4 0
github.com/ParetoSecurity/pareto-core/shared/lastState.go:52.42,57.2 3 0
github.com/ParetoSecurity/pareto-core/shared/lastState.go:60.57,68.2 5 0
github.com/ParetoSecurity/pareto-core/shared/lastState.go:70.43,76.2 4 0
github.com/ParetoSecurity/pareto-core/shared/lastState.go:78.34,84.2 4 0
github.com/ParetoSecurity/pareto-core/shared/lastState.go:86.19,88.16 2 0
github.com/ParetoSecurity/pareto-core/shared/lastState.go:88.16,90.3 1 0
github.com/ParetoSecurity/pareto-core/shared/lastState.go:92.2,92.43 1 0
github.com/ParetoSecurity/pareto-core/shared/lastState.go:92.43,94.17 2 0
github.com/ParetoSecurity/pareto-core/shared/lastState.go:94.17,96.4 1 0
github.com/ParetoSecurity/pareto-core/shared/lastState.go:97.3,100.49 3 0
github.com/ParetoSecurity/pareto-core/shared/lastState.go:100.49,102.4 1 0
github.com/ParetoSecurity/pareto-core/shared/lastState.go:103.3,103.35 1 0
github.com/ParetoSecurity/pareto-core/shared/os.go:20.44,21.23 1 1
github.com/ParetoSecurity/pareto-core/shared/os.go:21.23,23.10 2 1
github.com/ParetoSecurity/pareto-core/shared/os.go:23.10,25.4 1 1
github.com/ParetoSecurity/pareto-core/shared/os.go:26.3,26.34 1 1
github.com/ParetoSecurity/pareto-core/shared/os.go:29.2,29.26 1 0
github.com/ParetoSecurity/pareto-core/shared/socket.go:15.36,19.2 3 0
github.com/ParetoSecurity/pareto-core/shared/socket.go:21.51,27.16 4 0
github.com/ParetoSecurity/pareto-core/shared/socket.go:27.16,30.3 2 0
github.com/ParetoSecurity/pareto-core/shared/socket.go:31.2,37.46 5 0
github.com/ParetoSecurity/pareto-core/shared/socket.go:37.46,40.3 2 0
github.com/ParetoSecurity/pareto-core/shared/socket.go:43.2,45.48 3 0
github.com/ParetoSecurity/pareto-core/shared/socket.go:45.48,48.3 2 0
github.com/ParetoSecurity/pareto-core/shared/socket.go:49.2,50.26 2 0
github.com/ParetoSecurity/pareto-core/shared/status.go:7.22,9.2 1 1
github.com/ParetoSecurity/pareto-core/shared/string.go:6.32,9.22 2 1
github.com/ParetoSecurity/pareto-core/shared/string.go:9.22,10.14 1 1
github.com/ParetoSecurity/pareto-core/shared/string.go:10.14,12.4 1 1
github.com/ParetoSecurity/pareto-core/shared/string.go:12.9,14.4 1 1
github.com/ParetoSecurity/pareto-core/shared/string.go:18.2,18.31 1 1
github.com/ParetoSecurity/pareto-core/shared/string.go:18.31,25.3 1 1
github.com/ParetoSecurity/pareto-core/shared/string.go:27.2,28.26 2 1
github.com/ParetoSecurity/pareto-core/shared/string.go:28.26,29.17 1 1
github.com/ParetoSecurity/pareto-core/shared/string.go:29.17,31.4 1 1
github.com/ParetoSecurity/pareto-core/shared/string.go:34.2,34.23 1 1
github.com/ParetoSecurity/pareto-core/shared/system.go:14.35,16.16 2 0
github.com/ParetoSecurity/pareto-core/shared/system.go:16.16,18.3 1 0
github.com/ParetoSecurity/pareto-core/shared/system.go:20.2,20.35 1 0
github.com/ParetoSecurity/pareto-core/shared/system.go:20.35,23.40 1 0
github.com/ParetoSecurity/pareto-core/shared/system.go:23.40,24.12 1 0
github.com/ParetoSecurity/pareto-core/shared/system.go:27.3,27.35 1 0
github.com/ParetoSecurity/pareto-core/shared/system.go:27.35,32.4 3 0
github.com/ParetoSecurity/pareto-core/shared/system.go:35.2,35.53 1 0
github.com/ParetoSecurity/pareto-core/shared/system.go:38.37,40.16 2 1
github.com/ParetoSecurity/pareto-core/shared/system.go:40.16,42.3 1 1
github.com/ParetoSecurity/pareto-core/shared/system.go:44.2,45.22 2 1
github.com/ParetoSecurity/pareto-core/shared/system.go:45.22,47.3 1 1
github.com/ParetoSecurity/pareto-core/shared/system.go:49.2,49.24 1 1
github.com/ParetoSecurity/pareto-core/shared/system.go:52.37,54.16 2 1
github.com/ParetoSecurity/pareto-core/shared/system.go:54.16,56.3 1 1
github.com/ParetoSecurity/pareto-core/shared/system.go:57.2,58.24 2 1
github.com/ParetoSecurity/pareto-core/shared/system.go:58.24,60.3 1 1
github.com/ParetoSecurity/pareto-core/shared/system.go:62.2,62.26 1 1
github.com/ParetoSecurity/pareto-core/shared/system.go:65.20,66.23 1 0
github.com/ParetoSecurity/pareto-core/shared/system.go:66.23,68.3 1 0
github.com/ParetoSecurity/pareto-core/shared/system.go:69.2,69.26 1 0
github.com/ParetoSecurity/pareto-core/shared/system.go:72.23,74.16 2 0
github.com/ParetoSecurity/pareto-core/shared/system.go:74.16,76.3 1 0
github.com/ParetoSecurity/pareto-core/shared/system.go:77.2,77.16 1 0
github.com/ParetoSecurity/pareto-core/shared/system_darwin.go:10.34,13.16 3 0
github.com/ParetoSecurity/pareto-core/shared/system_darwin.go:13.16,15.3 1 0
github.com/ParetoSecurity/pareto-core/shared/system_darwin.go:17.2,18.19 2 0
github.com/ParetoSecurity/pareto-core/shared/system_darwin.go:18.19,20.3 1 0
github.com/ParetoSecurity/pareto-core/shared/system_darwin.go:22.2,22.21 1 0
